<?xml version="1.0" encoding="UTF-8"?>
<!-- Generated by org.testng.reporters.JUnitReportReporter -->
<testsuite hostname="17445-Vikash" failures="0" tests="3" name="TestAutomation.TestCases.LoginFlow" time="22.893" errors="0" timestamp="2024-02-20T12:48:53 IST" skipped="0">
  <testcase classname="TestAutomation.TestCases.LoginFlow" name="validLoginFlow" time="8.252"/>
  <system-out/>
  <testcase classname="TestAutomation.TestCases.LoginFlow" name="invalidLoginFlow" time="4.437"/>
  <system-out/>
  <testcase classname="TestAutomation.TestCases.LoginFlow" name="BlankLoginFlow" time="10.204"/>
  <system-out/>
</testsuite> <!-- TestAutomation.TestCases.LoginFlow -->
