<?xml version="1.0" encoding="UTF-8"?>
<!-- Generated by org.testng.reporters.JUnitReportReporter -->
<testsuite hostname="17445-Vikash" failures="0" tests="3" name="TestAutomation.TestCases.StandaloneTest" time="16.324" errors="0" timestamp="2024-02-03T11:40:07 IST" skipped="0">
  <testcase classname="TestAutomation.TestCases.StandaloneTest" name="invalidLoginFlow" time="2.597"/>
  <system-out/>
  <testcase classname="TestAutomation.TestCases.StandaloneTest" name="validLoginFlow" time="11.536"/>
  <system-out/>
  <testcase classname="TestAutomation.TestCases.StandaloneTest" name="BlankLoginFlow" time="2.191"/>
  <system-out/>
</testsuite> <!-- TestAutomation.TestCases.StandaloneTest -->
