<?xml version="1.0" encoding="UTF-8"?>
<!-- Generated by org.testng.reporters.JUnitReportReporter -->
<testsuite hostname="17445-Vikash" failures="0" tests="3" name="TestAutomation.TestCases.LoginFlowTest" time="7.420" errors="0" timestamp="2024-02-29T11:02:14 IST" skipped="1">
  <testcase classname="TestAutomation.TestCases.LoginFlowTest" name="BlankLoginFlow" time="2.869"/>
  <system-out/>
  <testcase classname="TestAutomation.TestCases.LoginFlowTest" name="validLoginFlow" time="3.054">
    <skipped/>
  </testcase> <!-- validLoginFlow -->
  <system-out/>
  <testcase classname="TestAutomation.TestCases.LoginFlowTest" name="invalidLoginFlow" time="1.497"/>
  <system-out/>
</testsuite> <!-- TestAutomation.TestCases.LoginFlowTest -->
